[debug] [2023-05-07T10:41:17.389Z] ----------------------------------------------------------------------
[debug] [2023-05-07T10:41:17.391Z] Command:       /home/mgerasika/.nvm/versions/node/v16.14.0/bin/node /home/mgerasika/.nvm/versions/node/v16.14.0/bin/firebase deploy
[debug] [2023-05-07T10:41:17.391Z] CLI Version:   11.30.0
[debug] [2023-05-07T10:41:17.391Z] Platform:      linux
[debug] [2023-05-07T10:41:17.391Z] Node Version:  v16.14.0
[debug] [2023-05-07T10:41:17.392Z] Time:          Sun May 07 2023 12:41:17 GMT+0200 (GMT+02:00)
[debug] [2023-05-07T10:41:17.392Z] ----------------------------------------------------------------------
[debug] 
[debug] [2023-05-07T10:41:17.451Z] Field ".functions" in "firebase.json" is possibly invalid: should be object
[debug] [2023-05-07T10:41:17.452Z] Object ".functions[0]" in "firebase.json" has unknown property: {"additionalProperty":"locationId"}
[debug] [2023-05-07T10:41:17.452Z] Field ".functions" in "firebase.json" is possibly invalid: should match some schema in anyOf
[debug] [2023-05-07T10:41:17.455Z] > command requires scopes: ["email","openid","https://www.googleapis.com/auth/cloudplatformprojects.readonly","https://www.googleapis.com/auth/firebase","https://www.googleapis.com/auth/cloud-platform"]
[debug] [2023-05-07T10:41:17.455Z] > authorizing via signed-in user (mgerasika@gmail.com)
[debug] [2023-05-07T10:41:17.455Z] [iam] checking project ua-video-torrent-server for permissions ["cloudfunctions.functions.create","cloudfunctions.functions.delete","cloudfunctions.functions.get","cloudfunctions.functions.list","cloudfunctions.functions.update","cloudfunctions.operations.get","firebase.projects.get","firebasehosting.sites.update"]
[debug] [2023-05-07T10:41:17.456Z] > refreshing access token with scopes: []
[debug] [2023-05-07T10:41:17.458Z] >>> [apiv2][query] POST https://www.googleapis.com/oauth2/v3/token [none]
[debug] [2023-05-07T10:41:17.458Z] >>> [apiv2][body] POST https://www.googleapis.com/oauth2/v3/token [omitted]
[debug] [2023-05-07T10:41:17.619Z] <<< [apiv2][status] POST https://www.googleapis.com/oauth2/v3/token 200
[debug] [2023-05-07T10:41:17.620Z] <<< [apiv2][body] POST https://www.googleapis.com/oauth2/v3/token [omitted]
[debug] [2023-05-07T10:41:17.629Z] >>> [apiv2][query] POST https://cloudresourcemanager.googleapis.com/v1/projects/ua-video-torrent-server:testIamPermissions [none]
[debug] [2023-05-07T10:41:17.630Z] >>> [apiv2][(partial)header] POST https://cloudresourcemanager.googleapis.com/v1/projects/ua-video-torrent-server:testIamPermissions x-goog-quota-user=projects/ua-video-torrent-server
[debug] [2023-05-07T10:41:17.630Z] >>> [apiv2][body] POST https://cloudresourcemanager.googleapis.com/v1/projects/ua-video-torrent-server:testIamPermissions {"permissions":["cloudfunctions.functions.create","cloudfunctions.functions.delete","cloudfunctions.functions.get","cloudfunctions.functions.list","cloudfunctions.functions.update","cloudfunctions.operations.get","firebase.projects.get","firebasehosting.sites.update"]}
[debug] [2023-05-07T10:41:18.531Z] <<< [apiv2][status] POST https://cloudresourcemanager.googleapis.com/v1/projects/ua-video-torrent-server:testIamPermissions 200
[debug] [2023-05-07T10:41:18.531Z] <<< [apiv2][body] POST https://cloudresourcemanager.googleapis.com/v1/projects/ua-video-torrent-server:testIamPermissions {"permissions":["cloudfunctions.functions.create","cloudfunctions.functions.delete","cloudfunctions.functions.get","cloudfunctions.functions.list","cloudfunctions.functions.update","cloudfunctions.operations.get","firebase.projects.get","firebasehosting.sites.update"]}
[debug] [2023-05-07T10:41:18.532Z] >>> [apiv2][query] POST https://iam.googleapis.com/v1/projects/ua-video-torrent-server/serviceAccounts/ua-video-torrent-server@appspot.gserviceaccount.com:testIamPermissions [none]
[debug] [2023-05-07T10:41:18.532Z] >>> [apiv2][body] POST https://iam.googleapis.com/v1/projects/ua-video-torrent-server/serviceAccounts/ua-video-torrent-server@appspot.gserviceaccount.com:testIamPermissions {"permissions":["iam.serviceAccounts.actAs"]}
[debug] [2023-05-07T10:41:19.324Z] <<< [apiv2][status] POST https://iam.googleapis.com/v1/projects/ua-video-torrent-server/serviceAccounts/ua-video-torrent-server@appspot.gserviceaccount.com:testIamPermissions 200
[debug] [2023-05-07T10:41:19.324Z] <<< [apiv2][body] POST https://iam.googleapis.com/v1/projects/ua-video-torrent-server/serviceAccounts/ua-video-torrent-server@appspot.gserviceaccount.com:testIamPermissions {"permissions":["iam.serviceAccounts.actAs"]}
[debug] [2023-05-07T10:41:19.326Z] >>> [apiv2][query] GET https://firebase.googleapis.com/v1beta1/projects/ua-video-torrent-server [none]
[debug] [2023-05-07T10:41:19.668Z] <<< [apiv2][status] GET https://firebase.googleapis.com/v1beta1/projects/ua-video-torrent-server 200
[debug] [2023-05-07T10:41:19.669Z] <<< [apiv2][body] GET https://firebase.googleapis.com/v1beta1/projects/ua-video-torrent-server {"projectId":"ua-video-torrent-server","projectNumber":"1090204296409","displayName":"ua-video-torrent-server","name":"projects/ua-video-torrent-server","resources":{"hostingSite":"ua-video-torrent-server","storageBucket":"ua-video-torrent-server.appspot.com","locationId":"europe-central2"},"state":"ACTIVE","etag":"1_61f2d5c1-fb17-4467-ba9c-d75b6af407db"}
[info] 
[info] === Deploying to 'ua-video-torrent-server'...
[info] 
[info] i  deploying functions, hosting 
[info] Running command: npm --prefix "$RESOURCE_DIR" run build
[debug] [2023-05-07T10:42:07.645Z] ----------------------------------------------------------------------
[debug] [2023-05-07T10:42:07.647Z] Command:       /home/mgerasika/.nvm/versions/node/v16.14.0/bin/node /home/mgerasika/.nvm/versions/node/v16.14.0/bin/firebase deploy
[debug] [2023-05-07T10:42:07.647Z] CLI Version:   11.30.0
[debug] [2023-05-07T10:42:07.648Z] Platform:      linux
[debug] [2023-05-07T10:42:07.648Z] Node Version:  v16.14.0
[debug] [2023-05-07T10:42:07.648Z] Time:          Sun May 07 2023 12:42:07 GMT+0200 (GMT+02:00)
[debug] [2023-05-07T10:42:07.648Z] ----------------------------------------------------------------------
[debug] 
[debug] [2023-05-07T10:42:07.730Z] Field ".functions" in "firebase.json" is possibly invalid: should be object
[debug] [2023-05-07T10:42:07.731Z] Object ".functions[0]" in "firebase.json" has unknown property: {"additionalProperty":"locationId"}
[debug] [2023-05-07T10:42:07.731Z] Field ".functions" in "firebase.json" is possibly invalid: should match some schema in anyOf
[debug] [2023-05-07T10:42:07.735Z] > command requires scopes: ["email","openid","https://www.googleapis.com/auth/cloudplatformprojects.readonly","https://www.googleapis.com/auth/firebase","https://www.googleapis.com/auth/cloud-platform"]
[debug] [2023-05-07T10:42:07.735Z] > authorizing via signed-in user (mgerasika@gmail.com)
[debug] [2023-05-07T10:42:07.735Z] [iam] checking project ua-video-torrent-server for permissions ["cloudfunctions.functions.create","cloudfunctions.functions.delete","cloudfunctions.functions.get","cloudfunctions.functions.list","cloudfunctions.functions.update","cloudfunctions.operations.get","firebase.projects.get","firebasehosting.sites.update"]
[debug] [2023-05-07T10:42:07.737Z] >>> [apiv2][query] POST https://cloudresourcemanager.googleapis.com/v1/projects/ua-video-torrent-server:testIamPermissions [none]
[debug] [2023-05-07T10:42:07.738Z] >>> [apiv2][(partial)header] POST https://cloudresourcemanager.googleapis.com/v1/projects/ua-video-torrent-server:testIamPermissions x-goog-quota-user=projects/ua-video-torrent-server
[debug] [2023-05-07T10:42:07.738Z] >>> [apiv2][body] POST https://cloudresourcemanager.googleapis.com/v1/projects/ua-video-torrent-server:testIamPermissions {"permissions":["cloudfunctions.functions.create","cloudfunctions.functions.delete","cloudfunctions.functions.get","cloudfunctions.functions.list","cloudfunctions.functions.update","cloudfunctions.operations.get","firebase.projects.get","firebasehosting.sites.update"]}
[debug] [2023-05-07T10:42:08.541Z] <<< [apiv2][status] POST https://cloudresourcemanager.googleapis.com/v1/projects/ua-video-torrent-server:testIamPermissions 200
[debug] [2023-05-07T10:42:08.541Z] <<< [apiv2][body] POST https://cloudresourcemanager.googleapis.com/v1/projects/ua-video-torrent-server:testIamPermissions {"permissions":["cloudfunctions.functions.create","cloudfunctions.functions.delete","cloudfunctions.functions.get","cloudfunctions.functions.list","cloudfunctions.functions.update","cloudfunctions.operations.get","firebase.projects.get","firebasehosting.sites.update"]}
[debug] [2023-05-07T10:42:08.542Z] >>> [apiv2][query] POST https://iam.googleapis.com/v1/projects/ua-video-torrent-server/serviceAccounts/ua-video-torrent-server@appspot.gserviceaccount.com:testIamPermissions [none]
[debug] [2023-05-07T10:42:08.542Z] >>> [apiv2][body] POST https://iam.googleapis.com/v1/projects/ua-video-torrent-server/serviceAccounts/ua-video-torrent-server@appspot.gserviceaccount.com:testIamPermissions {"permissions":["iam.serviceAccounts.actAs"]}
[debug] [2023-05-07T10:42:09.286Z] <<< [apiv2][status] POST https://iam.googleapis.com/v1/projects/ua-video-torrent-server/serviceAccounts/ua-video-torrent-server@appspot.gserviceaccount.com:testIamPermissions 200
[debug] [2023-05-07T10:42:09.286Z] <<< [apiv2][body] POST https://iam.googleapis.com/v1/projects/ua-video-torrent-server/serviceAccounts/ua-video-torrent-server@appspot.gserviceaccount.com:testIamPermissions {"permissions":["iam.serviceAccounts.actAs"]}
[debug] [2023-05-07T10:42:09.287Z] >>> [apiv2][query] GET https://firebase.googleapis.com/v1beta1/projects/ua-video-torrent-server [none]
[debug] [2023-05-07T10:42:09.581Z] <<< [apiv2][status] GET https://firebase.googleapis.com/v1beta1/projects/ua-video-torrent-server 200
[debug] [2023-05-07T10:42:09.581Z] <<< [apiv2][body] GET https://firebase.googleapis.com/v1beta1/projects/ua-video-torrent-server {"projectId":"ua-video-torrent-server","projectNumber":"1090204296409","displayName":"ua-video-torrent-server","name":"projects/ua-video-torrent-server","resources":{"hostingSite":"ua-video-torrent-server","storageBucket":"ua-video-torrent-server.appspot.com","locationId":"europe-central2"},"state":"ACTIVE","etag":"1_61f2d5c1-fb17-4467-ba9c-d75b6af407db"}
[info] 
[info] === Deploying to 'ua-video-torrent-server'...
[info] 
[info] i  deploying functions, hosting 
[info] Running command: npm --prefix "$RESOURCE_DIR" run build
[debug] [2023-05-07T10:42:40.159Z] ----------------------------------------------------------------------
[debug] [2023-05-07T10:42:40.160Z] Command:       /home/mgerasika/.nvm/versions/node/v16.14.0/bin/node /home/mgerasika/.nvm/versions/node/v16.14.0/bin/firebase deploy
[debug] [2023-05-07T10:42:40.161Z] CLI Version:   11.30.0
[debug] [2023-05-07T10:42:40.161Z] Platform:      linux
[debug] [2023-05-07T10:42:40.161Z] Node Version:  v16.14.0
[debug] [2023-05-07T10:42:40.161Z] Time:          Sun May 07 2023 12:42:40 GMT+0200 (GMT+02:00)
[debug] [2023-05-07T10:42:40.161Z] ----------------------------------------------------------------------
[debug] 
[debug] [2023-05-07T10:42:40.218Z] Field ".functions" in "firebase.json" is possibly invalid: should be object
[debug] [2023-05-07T10:42:40.218Z] Object ".functions[0]" in "firebase.json" has unknown property: {"additionalProperty":"locationId"}
[debug] [2023-05-07T10:42:40.218Z] Field ".functions" in "firebase.json" is possibly invalid: should match some schema in anyOf
[debug] [2023-05-07T10:42:40.221Z] > command requires scopes: ["email","openid","https://www.googleapis.com/auth/cloudplatformprojects.readonly","https://www.googleapis.com/auth/firebase","https://www.googleapis.com/auth/cloud-platform"]
[debug] [2023-05-07T10:42:40.221Z] > authorizing via signed-in user (mgerasika@gmail.com)
[debug] [2023-05-07T10:42:40.221Z] [iam] checking project ua-video-torrent-server for permissions ["cloudfunctions.functions.create","cloudfunctions.functions.delete","cloudfunctions.functions.get","cloudfunctions.functions.list","cloudfunctions.functions.update","cloudfunctions.operations.get","firebase.projects.get","firebasehosting.sites.update"]
[debug] [2023-05-07T10:42:40.223Z] >>> [apiv2][query] POST https://cloudresourcemanager.googleapis.com/v1/projects/ua-video-torrent-server:testIamPermissions [none]
[debug] [2023-05-07T10:42:40.223Z] >>> [apiv2][(partial)header] POST https://cloudresourcemanager.googleapis.com/v1/projects/ua-video-torrent-server:testIamPermissions x-goog-quota-user=projects/ua-video-torrent-server
[debug] [2023-05-07T10:42:40.223Z] >>> [apiv2][body] POST https://cloudresourcemanager.googleapis.com/v1/projects/ua-video-torrent-server:testIamPermissions {"permissions":["cloudfunctions.functions.create","cloudfunctions.functions.delete","cloudfunctions.functions.get","cloudfunctions.functions.list","cloudfunctions.functions.update","cloudfunctions.operations.get","firebase.projects.get","firebasehosting.sites.update"]}
[debug] [2023-05-07T10:42:41.032Z] <<< [apiv2][status] POST https://cloudresourcemanager.googleapis.com/v1/projects/ua-video-torrent-server:testIamPermissions 200
[debug] [2023-05-07T10:42:41.033Z] <<< [apiv2][body] POST https://cloudresourcemanager.googleapis.com/v1/projects/ua-video-torrent-server:testIamPermissions {"permissions":["cloudfunctions.functions.create","cloudfunctions.functions.delete","cloudfunctions.functions.get","cloudfunctions.functions.list","cloudfunctions.functions.update","cloudfunctions.operations.get","firebase.projects.get","firebasehosting.sites.update"]}
[debug] [2023-05-07T10:42:41.033Z] >>> [apiv2][query] POST https://iam.googleapis.com/v1/projects/ua-video-torrent-server/serviceAccounts/ua-video-torrent-server@appspot.gserviceaccount.com:testIamPermissions [none]
[debug] [2023-05-07T10:42:41.033Z] >>> [apiv2][body] POST https://iam.googleapis.com/v1/projects/ua-video-torrent-server/serviceAccounts/ua-video-torrent-server@appspot.gserviceaccount.com:testIamPermissions {"permissions":["iam.serviceAccounts.actAs"]}
[debug] [2023-05-07T10:42:41.741Z] <<< [apiv2][status] POST https://iam.googleapis.com/v1/projects/ua-video-torrent-server/serviceAccounts/ua-video-torrent-server@appspot.gserviceaccount.com:testIamPermissions 200
[debug] [2023-05-07T10:42:41.741Z] <<< [apiv2][body] POST https://iam.googleapis.com/v1/projects/ua-video-torrent-server/serviceAccounts/ua-video-torrent-server@appspot.gserviceaccount.com:testIamPermissions {"permissions":["iam.serviceAccounts.actAs"]}
[debug] [2023-05-07T10:42:41.742Z] >>> [apiv2][query] GET https://firebase.googleapis.com/v1beta1/projects/ua-video-torrent-server [none]
[debug] [2023-05-07T10:42:42.059Z] <<< [apiv2][status] GET https://firebase.googleapis.com/v1beta1/projects/ua-video-torrent-server 200
[debug] [2023-05-07T10:42:42.059Z] <<< [apiv2][body] GET https://firebase.googleapis.com/v1beta1/projects/ua-video-torrent-server {"projectId":"ua-video-torrent-server","projectNumber":"1090204296409","displayName":"ua-video-torrent-server","name":"projects/ua-video-torrent-server","resources":{"hostingSite":"ua-video-torrent-server","storageBucket":"ua-video-torrent-server.appspot.com","locationId":"europe-central2"},"state":"ACTIVE","etag":"1_61f2d5c1-fb17-4467-ba9c-d75b6af407db"}
[info] 
[info] === Deploying to 'ua-video-torrent-server'...
[info] 
[info] i  deploying functions, hosting 
[info] Running command: npm --prefix "$RESOURCE_DIR" run build
